<?xml version="1.0" encoding="UTF-8"?>
<testng-results ignored="0" total="1" passed="1" failed="0" skipped="0">
  <reporter-output>
  </reporter-output>
  <suite started-at="2021-12-04T21:14:23 EST" name="Default suite" finished-at="2021-12-04T21:14:33 EST" duration-ms="9604">
    <groups>
    </groups>
    <test started-at="2021-12-04T21:14:23 EST" name="Default test" finished-at="2021-12-04T21:14:33 EST" duration-ms="9604">
      <class name="testNG.Program1">
        <test-method is-config="true" signature="begin()[pri:0, instance:testNG.Program1@74ea2410]" started-at="2021-12-04T21:14:23 EST" name="begin" finished-at="2021-12-04T21:14:31 EST" duration-ms="7667" status="PASS">
          <reporter-output>
          </reporter-output>
        </test-method> <!-- begin -->
        <test-method signature="signinLinkClik()[pri:0, instance:testNG.Program1@74ea2410]" started-at="2021-12-04T21:14:31 EST" name="signinLinkClik" finished-at="2021-12-04T21:14:33 EST" duration-ms="1635" status="PASS">
          <reporter-output>
          </reporter-output>
        </test-method> <!-- signinLinkClik -->
        <test-method is-config="true" signature="tearDown()[pri:0, instance:testNG.Program1@74ea2410]" started-at="2021-12-04T21:14:33 EST" name="tearDown" finished-at="2021-12-04T21:14:33 EST" duration-ms="255" status="PASS">
          <reporter-output>
          </reporter-output>
        </test-method> <!-- tearDown -->
      </class> <!-- testNG.Program1 -->
    </test> <!-- Default test -->
  </suite> <!-- Default suite -->
</testng-results>
